#
# There is insufficient memory for the Java Runtime Environment to continue.
# Native memory allocation (mmap) failed to map 130023424 bytes for G1 virtual space
# Possible reasons:
#   The system is out of physical RAM or swap space
#   The process is running with CompressedOops enabled, and the Java Heap may be blocking the growth of the native heap
# Possible solutions:
#   Reduce memory load on the system
#   Increase physical memory or swap space
#   Check if swap backing store is full
#   Decrease Java heap size (-Xmx/-Xms)
#   Decrease number of Java threads
#   Decrease Java thread stack sizes (-Xss)
#   Set larger code cache with -XX:ReservedCodeCacheSize=
#   JVM is running with Unscaled Compressed Oops mode in which the Java heap is
#     placed in the first 4GB address space. The Java Heap base address is the
#     maximum limit for the native heap growth. Please use -XX:HeapBaseMinAddress
#     to set the Java Heap base and to place the Java Heap above 4GB virtual address.
# This output file may be truncated or incomplete.
#
#  Out of Memory Error (os_windows.cpp:3528), pid=2352, tid=27572
#
# JRE version:  (20.0.2+9) (build )
# Java VM: Java HotSpot(TM) 64-Bit Server VM (20.0.2+9-78, mixed mode, sharing, tiered, compressed oops, compressed class ptrs, g1 gc, windows-amd64)
# No core dump will be written. Minidumps are not enabled by default on client versions of Windows
#

---------------  S U M M A R Y ------------

Command Line: -Dfile.encoding=UTF-8 -Dstdout.encoding=UTF-8 -Dstderr.encoding=UTF-8 -XX:+ShowCodeDetailsInExceptionMessages electricity.billing.system.Project

Host: Intel(R) Core(TM) i5-6300U CPU @ 2.40GHz, 4 cores, 7G,  Windows 10 , 64 bit Build 19041 (10.0.19041.3636)
Time: Sun Apr 28 20:15:56 2024 India Standard Time elapsed time: 0.026263 seconds (0d 0h 0m 0s)

---------------  T H R E A D  ---------------

Current thread (0x0000015fc0cdfd20):  JavaThread "Unknown thread" [_thread_in_vm, id=27572, stack(0x0000002db4d00000,0x0000002db4e00000)]

Stack: [0x0000002db4d00000,0x0000002db4e00000]
Native frames: (J=compiled Java code, j=interpreted, Vv=VM code, C=native code)
V  [jvm.dll+0x6bc25a]
V  [jvm.dll+0x84971a]
V  [jvm.dll+0x84b315]
V  [jvm.dll+0x84ba13]
V  [jvm.dll+0x280e4f]
V  [jvm.dll+0x6b8fe9]
V  [jvm.dll+0x6adbca]
V  [jvm.dll+0x35b165]
V  [jvm.dll+0x363386]
V  [jvm.dll+0x3b400e]
V  [jvm.dll+0x3b4295]
V  [jvm.dll+0x32b86a]
V  [jvm.dll+0x32c68b]
V  [jvm.dll+0x8123df]
V  [jvm.dll+0x3c1261]
V  [jvm.dll+0x7fe103]
V  [jvm.dll+0x44ccaf]
V  [jvm.dll+0x44e621]
C  [jli.dll+0x5287]
C  [ucrtbase.dll+0x21bb2]
C  [KERNEL32.DLL+0x17344]
C  [ntdll.dll+0x526b1]


---------------  P R O C E S S  ---------------

Threads class SMR info:
_java_thread_list=0x00007ffa4453b118, length=0, elements={
}

Java Threads: ( => current thread )

Other Threads:
  0x0000015fc0d3db10 WorkerThread "GC Thread#0" [stack: 0x0000002db4e00000,0x0000002db4f00000] [id=12316]
  0x0000015fc0d500b0 ConcurrentGCThread "G1 Main Marker" [stack: 0x0000002db4f00000,0x0000002db5000000] [id=27244]
  0x0000015fc0d51190 WorkerThread "G1 Conc#0" [stack: 0x0000002db5000000,0x0000002db5100000] [id=7480]

[error occurred during error reporting (printing all threads), id 0xc0000005, EXCEPTION_ACCESS_VIOLATION (0xc0000005) at pc=0x00007ffa43d1eea7]
VM state: not at safepoint (not fully initialized)

VM Mutex/Monitor currently owned by a thread:  ([mutex/lock_event])
[0x0000015fc0cdcd70] Heap_lock - owner thread: 0x0000015fc0cdfd20

Heap address: 0x0000000085200000, size: 1966 MB, Compressed Oops mode: 32-bit

CDS archive(s) mapped at: [0x0000000000000000-0x0000000000000000-0x0000000000000000), size 0, SharedBaseAddress: 0x0000000800000000, ArchiveRelocationMode: 1.
Narrow klass base: 0x0000000000000000, Narrow klass shift: 0, Narrow klass range: 0x0

GC Precious Log:
 CardTable entry size: 512
 Card Set container configuration: InlinePtr #cards 5 size 8 Array Of Cards #cards 12 size 40 Howl #buckets 4 coarsen threshold 1843 Howl Bitmap #cards 512 size 80 coarsen threshold 460 Card regions per heap region 1 cards per card region 2048

Heap:
 garbage-first heap   total 0K, used 0K [0x0000000085200000, 0x0000000100000000)
  region size 1024K, 0 young (0K), 0 survivors (0K)

[error occurred during error reporting (printing heap information), id 0xc0000005, EXCEPTION_ACCESS_VIOLATION (0xc0000005) at pc=0x00007ffa440f47b9]
GC Heap History (0 events):
No events

Dll operation events (1 events):
Event: 0.017 Loaded shared library C:\Program Files\Java\jdk-20\bin\java.dll

Deoptimization events (0 events):
No events

Classes loaded (0 events):
No events

Classes unloaded (0 events):
No events

Classes redefined (0 events):
No events

Internal exceptions (0 events):
No events

VM Operations (0 events):
No events

Events (0 events):
No events


Dynamic libraries:
0x00007ff67dec0000 - 0x00007ff67ded0000 	C:\Program Files\Java\jdk-20\bin\javaw.exe
0x00007ffa921f0000 - 0x00007ffa923e8000 	C:\Windows\SYSTEM32\ntdll.dll
0x00007ffa91100000 - 0x00007ffa911bd000 	C:\Windows\System32\KERNEL32.DLL
0x00007ffa8f970000 - 0x00007ffa8fc66000 	C:\Windows\System32\KERNELBASE.dll
0x00007ffa8fcf0000 - 0x00007ffa8fdf0000 	C:\Windows\System32\ucrtbase.dll
0x00007ffa88a70000 - 0x00007ffa88a89000 	C:\Program Files\Java\jdk-20\bin\jli.dll
0x00007ffa7cac0000 - 0x00007ffa7cadb000 	C:\Program Files\Java\jdk-20\bin\VCRUNTIME140.dll
0x00007ffa909f0000 - 0x00007ffa90aa0000 	C:\Windows\System32\ADVAPI32.dll
0x00007ffa91220000 - 0x00007ffa912be000 	C:\Windows\System32\msvcrt.dll
0x00007ffa90e70000 - 0x00007ffa90f10000 	C:\Windows\System32\sechost.dll
0x00007ffa90740000 - 0x00007ffa90865000 	C:\Windows\System32\RPCRT4.dll
0x00007ffa8fc70000 - 0x00007ffa8fc97000 	C:\Windows\System32\bcrypt.dll
0x00007ffa91e40000 - 0x00007ffa91fde000 	C:\Windows\System32\USER32.dll
0x00007ffa8f8a0000 - 0x00007ffa8f8c2000 	C:\Windows\System32\win32u.dll
0x00007ffa92120000 - 0x00007ffa9214b000 	C:\Windows\System32\GDI32.dll
0x00007ffa8fdf0000 - 0x00007ffa8ff07000 	C:\Windows\System32\gdi32full.dll
0x00007ffa8f8d0000 - 0x00007ffa8f96d000 	C:\Windows\System32\msvcp_win.dll
0x00007ffa79850000 - 0x00007ffa79aea000 	C:\Windows\WinSxS\amd64_microsoft.windows.common-controls_6595b64144ccf1df_6.0.19041.3636_none_60b6a03d71f818d5\COMCTL32.dll
0x00007ffa859c0000 - 0x00007ffa859ca000 	C:\Windows\SYSTEM32\VERSION.dll
0x00007ffa910c0000 - 0x00007ffa910f2000 	C:\Windows\System32\IMM32.DLL
0x00007ffa8af40000 - 0x00007ffa8af4c000 	C:\Program Files\Java\jdk-20\bin\vcruntime140_1.dll
0x00007ffa7a600000 - 0x00007ffa7a68e000 	C:\Program Files\Java\jdk-20\bin\msvcp140.dll
0x00007ffa439e0000 - 0x00007ffa44678000 	C:\Program Files\Java\jdk-20\bin\server\jvm.dll
0x00007ffa854a0000 - 0x00007ffa854c7000 	C:\Windows\SYSTEM32\WINMM.dll
0x00007ffa74bd0000 - 0x00007ffa74bd9000 	C:\Windows\SYSTEM32\WSOCK32.dll
0x00007ffa90aa0000 - 0x00007ffa90b0b000 	C:\Windows\System32\WS2_32.dll
0x00007ffa8d710000 - 0x00007ffa8d722000 	C:\Windows\SYSTEM32\kernel.appcore.dll
0x00007ffa8ae40000 - 0x00007ffa8ae4a000 	C:\Program Files\Java\jdk-20\bin\jimage.dll
0x00007ffa8cef0000 - 0x00007ffa8d0d4000 	C:\Windows\SYSTEM32\DBGHELP.DLL
0x00007ffa54e20000 - 0x00007ffa54e54000 	C:\Windows\SYSTEM32\dbgcore.DLL
0x00007ffa8ffc0000 - 0x00007ffa90042000 	C:\Windows\System32\bcryptPrimitives.dll
0x00007ffa7c1f0000 - 0x00007ffa7c216000 	C:\Program Files\Java\jdk-20\bin\java.dll

dbghelp: loaded successfully - version: 4.0.5 - missing functions: none
symbol engine: initialized successfully - sym options: 0x614 - pdb path: .;C:\Program Files\Java\jdk-20\bin;C:\Windows\SYSTEM32;C:\Windows\WinSxS\amd64_microsoft.windows.common-controls_6595b64144ccf1df_6.0.19041.3636_none_60b6a03d71f818d5;C:\Program Files\Java\jdk-20\bin\server

VM Arguments:
jvm_args: -Dfile.encoding=UTF-8 -Dstdout.encoding=UTF-8 -Dstderr.encoding=UTF-8 -XX:+ShowCodeDetailsInExceptionMessages 
java_command: electricity.billing.system.Project
java_class_path (initial): C:\Users\Admin\eclipse-workspace\ElectricitybillingSystem\bin;D:\mysql-connector-j-8.3.0\mysql-connector-j-8.3.0.jar;C:\Users\Admin\Downloads\rs2xml.jar
Launcher Type: SUN_STANDARD

[Global flags]
     intx CICompilerCount                          = 3                                         {product} {ergonomic}
     uint ConcGCThreads                            = 1                                         {product} {ergonomic}
     uint G1ConcRefinementThreads                  = 4                                         {product} {ergonomic}
   size_t G1HeapRegionSize                         = 1048576                                   {product} {ergonomic}
    uintx GCDrainStackTargetSize                   = 64                                        {product} {ergonomic}
   size_t InitialHeapSize                          = 130023424                                 {product} {ergonomic}
   size_t MarkStackSize                            = 4194304                                   {product} {ergonomic}
   size_t MaxHeapSize                              = 2061500416                                {product} {ergonomic}
   size_t MinHeapDeltaBytes                        = 1048576                                   {product} {ergonomic}
   size_t MinHeapSize                              = 8388608                                   {product} {ergonomic}
    uintx NonNMethodCodeHeapSize                   = 5832780                                {pd product} {ergonomic}
    uintx NonProfiledCodeHeapSize                  = 122912730                              {pd product} {ergonomic}
    uintx ProfiledCodeHeapSize                     = 122912730                              {pd product} {ergonomic}
    uintx ReservedCodeCacheSize                    = 251658240                              {pd product} {ergonomic}
     bool SegmentedCodeCache                       = true                                      {product} {ergonomic}
     bool ShowCodeDetailsInExceptionMessages       = true                                   {manageable} {command line}
   size_t SoftMaxHeapSize                          = 2061500416                             {manageable} {ergonomic}
     bool UseCompressedClassPointers               = true                           {product lp64_product} {ergonomic}
     bool UseCompressedOops                        = true                           {product lp64_product} {ergonomic}
     bool UseG1GC                                  = true                                      {product} {ergonomic}
     bool UseLargePagesIndividualAllocation        = false                                  {pd product} {ergonomic}

Logging:
Log output configuration:
 #0: stdout all=warning uptime,level,tags foldmultilines=false
 #1: stderr all=off uptime,level,tags foldmultilines=false

Environment Variables:
CLASSPATH=C:\oraclexe\app\oracle\product\11.2.0\server\jdbc\lib\ojdbc6.jar;.
PATH=C:\Program Files\Common Files\Oracle\Java\javapath;C:\oraclexe\app\oracle\product\11.2.0\server\bin;C:\Users\Admin\Downloads\WINDOWS.X64_213000_db_home\bin;C:\Users\Admin\AppData\Local\Temp\Temp1_WINDOWS.X64_213000_db_home.zip\bin;C:\Windows\system32;C:\Windows;C:\Windows\System32\Wbem;C:\Windows\System32\WindowsPowerShell\v1.0\;C:\Windows\System32\OpenSSH\;C:\Program Files\Microsoft SQL Server\150\Tools\Binn\;C:\Program Files\Microsoft SQL Server\Client SDK\ODBC\170\Tools\Binn\;C:\Program Files\dotnet\;C:\Program Files (x86)\Microsoft SQL Server\160\Tools\Binn\;C:\Program Files\Microsoft SQL Server\160\Tools\Binn\;C:\Program Files\Microsoft SQL Server\160\DTS\Binn\;C:\Program Files\Azure Data Studio\bin;C:\Program Files (x86)\Microsoft SQL Server\160\DTS\Binn\;C:\MinGW\bin;C:\Users\Admin\AppData\Local\Microsoft\WindowsApps;C:\Users\Admin\.dotnet\tools;C:\Users\Admin\AppData\Local\Programs\Microsoft VS Code\bin;C:\Program Files\Azure Data Studio\bin;C:\Users\Admin\AppData\Local\GitHubDesktop\bin
USERNAME=Admin
OS=Windows_NT
PROCESSOR_IDENTIFIER=Intel64 Family 6 Model 78 Stepping 3, GenuineIntel
TMP=C:\Users\Admin\AppData\Local\Temp
TEMP=C:\Users\Admin\AppData\Local\Temp




---------------  S Y S T E M  ---------------

OS:
 Windows 10 , 64 bit Build 19041 (10.0.19041.3636)
OS uptime: 7 days 8:15 hours

CPU: total 4 (initial active 4) (2 cores per cpu, 2 threads per core) family 6 model 78 stepping 3 microcode 0xf0, cx8, cmov, fxsr, ht, mmx, 3dnowpref, sse, sse2, sse3, ssse3, sse4.1, sse4.2, popcnt, lzcnt, tsc, tscinvbit, avx, avx2, aes, erms, clmul, bmi1, bmi2, rtm, adx, fma, vzeroupper, clflush, clflushopt, rdtscp, f16c

Memory: 4k page, system-wide physical 7863M (333M free)
TotalPageFile size 32439M (AvailPageFile size 19M)
current process WorkingSet (physical memory assigned to process): 10M, peak: 10M
current process commit charge ("private bytes"): 52M, peak: 175M

vm_info: Java HotSpot(TM) 64-Bit Server VM (20.0.2+9-78) for windows-amd64 JRE (20.0.2+9-78), built on 2023-06-14T10:08:48Z by "mach5one" with MS VC++ 17.1 (VS2022)

END.
